14:01:51.377 INFO [GridLauncherV3.parse] - Selenium server version: 3.141.59, revision: e82be7d358
14:01:51.456 INFO [GridLauncherV3.lambda$buildLaunchers$3] - Launching a standalone Selenium Server on port 4444
2019-08-08 14:01:51.499:INFO::main: Logging initialized @363ms to org.seleniumhq.jetty9.util.log.StdErrLog
14:01:51.754 INFO [WebDriverServlet.<init>] - Initialising WebDriverServlet
14:01:51.935 INFO [SeleniumServer.boot] - Selenium Server is up and running on port 4444
14:01:52.719 INFO [ActiveSessionFactory.apply] - Capabilities are: {
  "acceptSslCerts": true,
  "browserName": "chrome",
  "chromeOptions": {
    "w3c": false,
    "args": [
    ]
  },
  "name": "Register Test"
}
14:01:52.721 INFO [ActiveSessionFactory.lambda$apply$11] - Matched factory org.openqa.selenium.grid.session.remote.ServicedSession$Factory (provider: org.openqa.selenium.chrome.ChromeDriverService)
Starting ChromeDriver 76.0.3809.68 (420c9498db8ce8fcd190a954d51297672c1515d5-refs/branch-heads/3809@{#864}) on port 40366
Only local connections are allowed.
Please protect ports used by ChromeDriver and related test frameworks to prevent access by malicious code.
14:01:59.326 INFO [ProtocolHandshake.createSession] - Detected dialect: OSS
14:02:03.563 INFO [RemoteSession$Factory.lambda$performHandshake$0] - Started new session fdfc8100e66f9969a92e2483c66b8226 (org.openqa.selenium.chrome.ChromeDriverService)
14:02:04.823 INFO [ActiveSessions$1.onStop] - Removing session fdfc8100e66f9969a92e2483c66b8226 (org.openqa.selenium.chrome.ChromeDriverService)
